\BOOKMARK [1][-]{section*.1}{Getting started}{}
\BOOKMARK [2][-]{section*.2}{SAS and R setups}{section*.1}
\BOOKMARK [1][-]{section.1}{Introduction \046 overview}{}
\BOOKMARK [2][-]{subsection.1.1}{Discrete distributions}{section.1}
\BOOKMARK [2][-]{subsection.1.2}{Testing association}{section.1}
\BOOKMARK [2][-]{subsection.1.3}{Stratified analysis}{section.1}
\BOOKMARK [2][-]{subsection.1.4}{Ordinal factors}{section.1}
\BOOKMARK [1][-]{section.2}{Two-way and n-way tables}{}
\BOOKMARK [2][-]{subsection.2.1}{2 x 2 tables}{section.2}
\BOOKMARK [3][-]{subsubsection.2.1.1}{Cholesterol and heart disease}{subsection.2.1}
\BOOKMARK [3][-]{subsubsection.2.1.2}{Berkeley data}{subsection.2.1}
\BOOKMARK [2][-]{subsection.2.2}{Sieve diagrams}{section.2}
\BOOKMARK [2][-]{subsection.2.3}{Observer agreement}{section.2}
\BOOKMARK [2][-]{subsection.2.4}{Correspondence analysis}{section.2}
\BOOKMARK [1][-]{section.3}{Mosaic displays and loglinear models}{}
\BOOKMARK [2][-]{subsection.3.1}{Mosaic displays web applet}{section.3}
\BOOKMARK [2][-]{subsection.3.2}{Three-way+ tables}{section.3}
\BOOKMARK [2][-]{subsection.3.3}{Survival on the Titanic}{section.3}
\BOOKMARK [2][-]{subsection.3.4}{Ordinal factors and structured associations}{section.3}
\BOOKMARK [3][-]{subsubsection.3.4.1}{Mental health and SES}{subsection.3.4}
\BOOKMARK [3][-]{subsubsection.3.4.2}{Distant vision: quasi-independence, quasi-symmetry}{subsection.3.4}
\BOOKMARK [1][-]{section.4}{Logit models and logistic regression}{}
\BOOKMARK [2][-]{subsection.4.1}{Logit models}{section.4}
\BOOKMARK [2][-]{subsection.4.2}{Logistic regression}{section.4}
\BOOKMARK [3][-]{subsubsection.4.2.1}{Arthritis treatment data}{subsection.4.2}
\BOOKMARK [3][-]{subsubsection.4.2.2}{Volunteering for psychology experiments}{subsection.4.2}
\BOOKMARK [3][-]{subsubsection.4.2.3}{Marijuana arrests data}{subsection.4.2}
\BOOKMARK [2][-]{subsection.4.3}{Effect plots}{section.4}
\BOOKMARK [3][-]{subsubsection.4.3.1}{Volunteering for psychology experiments}{subsection.4.3}
\BOOKMARK [3][-]{subsubsection.4.3.2}{Marijuana arrests data}{subsection.4.3}
\BOOKMARK [2][-]{subsection.4.4}{Diagnostic plots}{section.4}
\BOOKMARK [1][-]{section.5}{Polytomous response models}{}
\BOOKMARK [2][-]{subsection.5.1}{Proportional odds model}{section.5}
\BOOKMARK [3][-]{subsubsection.5.1.1}{Arthritis data}{subsection.5.1}
\BOOKMARK [2][-]{subsection.5.2}{Nested dichotomies}{section.5}
\BOOKMARK [2][-]{subsection.5.3}{Generalized logits}{section.5}
