> tox.aic <- stepAIC(tox.glm9, trace=1)
Start:  AIC=461.46
Freq ~ (class + smoke + hyper + urea)^4

                         Df Deviance    AIC
- class:smoke:hyper:urea  8   12.681 458.14
<none>                         0.000 461.46

Step:  AIC=458.14
Freq ~ class + smoke + hyper + urea + class:smoke + class:hyper + 
    class:urea + smoke:hyper + smoke:urea + hyper:urea + class:smoke:hyper + 
    class:smoke:urea + class:hyper:urea + smoke:hyper:urea

                    Df Deviance    AIC
- class:smoke:urea   8   16.373 445.83
- class:hyper:urea   4   15.648 453.10
- class:smoke:hyper  8   27.702 457.16
<none>                   12.681 458.14
- smoke:hyper:urea   2   18.852 460.31

Step:  AIC=445.83
Freq ~ class + smoke + hyper + urea + class:smoke + class:hyper + 
    class:urea + smoke:hyper + smoke:urea + hyper:urea + class:smoke:hyper + 
    class:hyper:urea + smoke:hyper:urea

                    Df Deviance    AIC
- class:hyper:urea   4   19.090 440.55
- class:smoke:hyper  8   30.880 444.34
<none>                   16.373 445.83
- smoke:hyper:urea   2   22.561 448.02

Step:  AIC=440.55
Freq ~ class + smoke + hyper + urea + class:smoke + class:hyper + 
    class:urea + smoke:hyper + smoke:urea + hyper:urea + class:smoke:hyper + 
    smoke:hyper:urea

                    Df Deviance    AIC
- class:smoke:hyper  8   33.666 439.12
<none>                   19.090 440.55
- smoke:hyper:urea   2   25.837 443.29
- class:urea         4   45.179 458.63

Step:  AIC=439.12
Freq ~ class + smoke + hyper + urea + class:smoke + class:hyper + 
    class:urea + smoke:hyper + smoke:urea + hyper:urea + smoke:hyper:urea

                   Df Deviance    AIC
- class:hyper       4    39.16 436.61
<none>                   33.67 439.12
- smoke:hyper:urea  2    40.47 441.93
- class:urea        4    59.80 457.26
- class:smoke       8   465.15 854.61

Step:  AIC=436.61
Freq ~ class + smoke + hyper + urea + class:smoke + class:urea + 
    smoke:hyper + smoke:urea + hyper:urea + smoke:hyper:urea

                   Df Deviance    AIC
<none>                   39.16 436.61
- smoke:hyper:urea  2    45.94 439.40
- class:urea        4    61.82 451.28
- class:smoke       8   479.49 860.94
> 

> mods <- glmlist(tox.glm0, tox.glm1, tox.glm2, tox.aic, tox.glm3, 
+                 tox.glm4, tox.glm5, tox.glm6, tox.glm7, tox.glm8, tox.glm9)
> summarise(mods)
Model Summary:
         LR Chisq Df Pr(>Chisq)    AIC      BIC
tox.glm0   672.85 43    0.00000 586.85  264.272
tox.glm1   179.03 42    0.00000  95.03 -220.044
tox.glm2    46.12 36    0.12030 -25.88 -295.943
tox.aic     39.16 32    0.17943 -24.84 -264.901
tox.glm3    40.47 30    0.09603 -19.53 -244.582
tox.glm4    26.00 24    0.35294 -22.00 -202.039
tox.glm5    25.84 22    0.25875 -18.16 -183.203
tox.glm6    22.29 14    0.07293  -5.71 -110.740
tox.glm7    15.65 12    0.20789  -8.35  -98.374
tox.glm8    12.68  8    0.12332  -3.32  -63.334
tox.glm9     0.00  0    0.00000   0.00    0.000
> 
