              Binomial distributions, N=10, p=.15, .35

                 P      N     K      PROB        FREQ

               0.15    10     0    0.19687    196.874
                       10     1    0.34743    347.425
                       10     2    0.27590    275.897
                       10     3    0.12983    129.834
                       10     4    0.04010     40.096
                       10     5    0.00849      8.491
                       10     6    0.00125      1.249
                       10     7    0.00013      0.126
                       10     8    0.00001      0.008
                       10     9    0.00000      0.000
                       10    10    0.00000      0.000

               0.35    10     0    0.01346     13.463
                       10     1    0.07249     72.492
                       10     2    0.17565    175.653
                       10     3    0.25222    252.220
                       10     4    0.23767    237.668
                       10     5    0.15357    153.570
                       10     6    0.06891     68.910
                       10     7    0.02120     21.203
                       10     8    0.00428      4.281
                       10     9    0.00051      0.512
                       10    10    0.00003      0.028
